000.000 =============================================================
000.000                     Station B                               
000.000 -------------------------------------------------------------
000.000 Protocol.lib, version 4.0, jiangyanjun0718@bupt.edu.cn
000.000 Channel: 8000 bps, 270 ms propagation delay, bit error rate 0
000.000 Log file "selective_flood_utopia_B.log", TCP port 59144, debug mask 0x00
000.000 Station B is connecting station A (TCP port 59144) ... Done.
000.693 New epoch: Fri May 13 11:10:18 2022
000.693 =================================================================
000.693 
000.693 Designed by Wu Qingliu, build: May 13 2022  10:21:05
003.103 .... 8 packets received, 7645 bps, 95.57%, Err 0 (0.0e+00)
005.214 .... 16 packets received, 7703 bps, 96.29%, Err 0 (0.0e+00)
007.306 .... 24 packets received, 7745 bps, 96.82%, Err 0 (0.0e+00)
009.443 .... 32 packets received, 7726 bps, 96.57%, Err 0 (0.0e+00)
011.542 .... 40 packets received, 7741 bps, 96.77%, Err 0 (0.0e+00)
013.650 .... 48 packets received, 7747 bps, 96.83%, Err 0 (0.0e+00)
015.777 .... 56 packets received, 7740 bps, 96.75%, Err 0 (0.0e+00)
017.889 .... 64 packets received, 7742 bps, 96.78%, Err 0 (0.0e+00)
019.977 .... 72 packets received, 7754 bps, 96.92%, Err 0 (0.0e+00)
022.100 .... 80 packets received, 7750 bps, 96.88%, Err 0 (0.0e+00)
024.192 .... 88 packets received, 7758 bps, 96.97%, Err 0 (0.0e+00)
026.326 .... 96 packets received, 7751 bps, 96.89%, Err 0 (0.0e+00)
028.436 .... 104 packets received, 7752 bps, 96.90%, Err 0 (0.0e+00)
030.558 .... 112 packets received, 7750 bps, 96.87%, Err 0 (0.0e+00)
032.657 .... 120 packets received, 7753 bps, 96.92%, Err 0 (0.0e+00)
034.776 .... 128 packets received, 7752 bps, 96.90%, Err 0 (0.0e+00)
036.876 .... 136 packets received, 7755 bps, 96.94%, Err 0 (0.0e+00)
039.004 .... 144 packets received, 7752 bps, 96.90%, Err 0 (0.0e+00)
041.107 .... 152 packets received, 7754 bps, 96.93%, Err 0 (0.0e+00)
043.221 .... 160 packets received, 7754 bps, 96.92%, Err 0 (0.0e+00)
045.323 .... 168 packets received, 7756 bps, 96.95%, Err 0 (0.0e+00)
047.438 .... 176 packets received, 7755 bps, 96.94%, Err 0 (0.0e+00)
049.571 .... 184 packets received, 7752 bps, 96.90%, Err 0 (0.0e+00)
051.678 .... 192 packets received, 7753 bps, 96.91%, Err 0 (0.0e+00)
053.784 .... 200 packets received, 7754 bps, 96.93%, Err 0 (0.0e+00)
055.893 .... 208 packets received, 7755 bps, 96.93%, Err 0 (0.0e+00)
058.010 .... 216 packets received, 7754 bps, 96.93%, Err 0 (0.0e+00)
058.398 ** WARNING: System too busy, sleep 15 ms, but be awakened 88 ms later
060.098 .... 224 packets received, 7757 bps, 96.97%, Err 0 (0.0e+00)
062.224 .... 232 packets received, 7756 bps, 96.94%, Err 0 (0.0e+00)
064.342 .... 240 packets received, 7755 bps, 96.94%, Err 0 (0.0e+00)
066.457 .... 248 packets received, 7755 bps, 96.93%, Err 0 (0.0e+00)
068.557 .... 256 packets received, 7756 bps, 96.95%, Err 0 (0.0e+00)
070.676 .... 264 packets received, 7755 bps, 96.94%, Err 0 (0.0e+00)
072.799 .... 272 packets received, 7754 bps, 96.93%, Err 0 (0.0e+00)
074.897 .... 280 packets received, 7756 bps, 96.95%, Err 0 (0.0e+00)
077.015 .... 288 packets received, 7755 bps, 96.94%, Err 0 (0.0e+00)
079.132 .... 296 packets received, 7755 bps, 96.93%, Err 0 (0.0e+00)
081.233 .... 304 packets received, 7756 bps, 96.95%, Err 0 (0.0e+00)
083.353 .... 312 packets received, 7755 bps, 96.94%, Err 0 (0.0e+00)
085.467 .... 320 packets received, 7755 bps, 96.94%, Err 0 (0.0e+00)
087.566 .... 328 packets received, 7756 bps, 96.95%, Err 0 (0.0e+00)
089.685 .... 336 packets received, 7756 bps, 96.95%, Err 0 (0.0e+00)
091.796 .... 344 packets received, 7756 bps, 96.95%, Err 0 (0.0e+00)
093.927 .... 352 packets received, 7754 bps, 96.93%, Err 0 (0.0e+00)
096.011 .... 360 packets received, 7757 bps, 96.96%, Err 0 (0.0e+00)
098.144 .... 368 packets received, 7755 bps, 96.94%, Err 0 (0.0e+00)
100.247 .... 376 packets received, 7756 bps, 96.95%, Err 0 (0.0e+00)
102.366 .... 384 packets received, 7755 bps, 96.94%, Err 0 (0.0e+00)
104.466 .... 392 packets received, 7756 bps, 96.95%, Err 0 (0.0e+00)
106.584 .... 400 packets received, 7756 bps, 96.95%, Err 0 (0.0e+00)
108.700 .... 408 packets received, 7756 bps, 96.94%, Err 0 (0.0e+00)
110.815 .... 416 packets received, 7755 bps, 96.94%, Err 0 (0.0e+00)
112.924 .... 424 packets received, 7756 bps, 96.95%, Err 0 (0.0e+00)
115.029 .... 432 packets received, 7756 bps, 96.95%, Err 0 (0.0e+00)
117.126 .... 440 packets received, 7757 bps, 96.96%, Err 0 (0.0e+00)
119.259 .... 448 packets received, 7756 bps, 96.95%, Err 0 (0.0e+00)
121.381 .... 456 packets received, 7755 bps, 96.94%, Err 0 (0.0e+00)
123.473 .... 464 packets received, 7756 bps, 96.96%, Err 0 (0.0e+00)
125.591 .... 472 packets received, 7756 bps, 96.95%, Err 0 (0.0e+00)
127.707 .... 480 packets received, 7756 bps, 96.95%, Err 0 (0.0e+00)
129.823 .... 488 packets received, 7756 bps, 96.95%, Err 0 (0.0e+00)
131.936 .... 496 packets received, 7756 bps, 96.95%, Err 0 (0.0e+00)
134.035 .... 504 packets received, 7756 bps, 96.96%, Err 0 (0.0e+00)
136.138 .... 512 packets received, 7757 bps, 96.96%, Err 0 (0.0e+00)
138.268 .... 520 packets received, 7756 bps, 96.95%, Err 0 (0.0e+00)
140.367 .... 528 packets received, 7757 bps, 96.96%, Err 0 (0.0e+00)
142.496 .... 536 packets received, 7756 bps, 96.95%, Err 0 (0.0e+00)
144.593 .... 544 packets received, 7757 bps, 96.96%, Err 0 (0.0e+00)
146.711 .... 552 packets received, 7756 bps, 96.95%, Err 0 (0.0e+00)
148.809 .... 560 packets received, 7757 bps, 96.96%, Err 0 (0.0e+00)
150.930 .... 568 packets received, 7757 bps, 96.96%, Err 0 (0.0e+00)
153.055 .... 576 packets received, 7756 bps, 96.95%, Err 0 (0.0e+00)
155.154 .... 584 packets received, 7757 bps, 96.96%, Err 0 (0.0e+00)
157.275 .... 592 packets received, 7756 bps, 96.95%, Err 0 (0.0e+00)
159.387 .... 600 packets received, 7756 bps, 96.95%, Err 0 (0.0e+00)
161.499 .... 608 packets received, 7756 bps, 96.95%, Err 0 (0.0e+00)
163.590 .... 616 packets received, 7757 bps, 96.97%, Err 0 (0.0e+00)
165.709 .... 624 packets received, 7757 bps, 96.96%, Err 0 (0.0e+00)
167.843 .... 632 packets received, 7756 bps, 96.95%, Err 0 (0.0e+00)
169.934 .... 640 packets received, 7757 bps, 96.96%, Err 0 (0.0e+00)
172.056 .... 648 packets received, 7756 bps, 96.96%, Err 0 (0.0e+00)
174.174 .... 656 packets received, 7756 bps, 96.95%, Err 0 (0.0e+00)
176.283 .... 664 packets received, 7756 bps, 96.95%, Err 0 (0.0e+00)
178.389 .... 672 packets received, 7757 bps, 96.96%, Err 0 (0.0e+00)
180.505 .... 680 packets received, 7756 bps, 96.96%, Err 0 (0.0e+00)
182.611 .... 688 packets received, 7757 bps, 96.96%, Err 0 (0.0e+00)
184.733 .... 696 packets received, 7756 bps, 96.95%, Err 0 (0.0e+00)
186.828 .... 704 packets received, 7757 bps, 96.96%, Err 0 (0.0e+00)
188.945 .... 712 packets received, 7757 bps, 96.96%, Err 0 (0.0e+00)
191.065 .... 720 packets received, 7757 bps, 96.96%, Err 0 (0.0e+00)
193.182 .... 728 packets received, 7756 bps, 96.95%, Err 0 (0.0e+00)
195.282 .... 736 packets received, 7757 bps, 96.96%, Err 0 (0.0e+00)
197.393 .... 744 packets received, 7757 bps, 96.96%, Err 0 (0.0e+00)
199.524 .... 752 packets received, 7756 bps, 96.95%, Err 0 (0.0e+00)
201.622 .... 760 packets received, 7757 bps, 96.96%, Err 0 (0.0e+00)
203.727 .... 768 packets received, 7757 bps, 96.96%, Err 0 (0.0e+00)
205.826 .... 776 packets received, 7758 bps, 96.97%, Err 0 (0.0e+00)
207.965 .... 784 packets received, 7756 bps, 96.96%, Err 0 (0.0e+00)
210.082 .... 792 packets received, 7756 bps, 96.95%, Err 0 (0.0e+00)
212.185 .... 800 packets received, 7757 bps, 96.96%, Err 0 (0.0e+00)
214.304 .... 808 packets received, 7756 bps, 96.96%, Err 0 (0.0e+00)
216.388 .... 816 packets received, 7757 bps, 96.97%, Err 0 (0.0e+00)
218.524 .... 824 packets received, 7757 bps, 96.96%, Err 0 (0.0e+00)
220.627 .... 832 packets received, 7757 bps, 96.96%, Err 0 (0.0e+00)
222.746 .... 840 packets received, 7757 bps, 96.96%, Err 0 (0.0e+00)
224.855 .... 848 packets received, 7757 bps, 96.96%, Err 0 (0.0e+00)
226.947 .... 856 packets received, 7757 bps, 96.97%, Err 0 (0.0e+00)
229.082 .... 864 packets received, 7757 bps, 96.96%, Err 0 (0.0e+00)
231.180 .... 872 packets received, 7757 bps, 96.96%, Err 0 (0.0e+00)
233.297 .... 880 packets received, 7757 bps, 96.96%, Err 0 (0.0e+00)
235.411 .... 888 packets received, 7757 bps, 96.96%, Err 0 (0.0e+00)
237.532 .... 896 packets received, 7757 bps, 96.96%, Err 0 (0.0e+00)
239.647 .... 904 packets received, 7757 bps, 96.96%, Err 0 (0.0e+00)
241.750 .... 912 packets received, 7757 bps, 96.96%, Err 0 (0.0e+00)
243.866 .... 920 packets received, 7757 bps, 96.96%, Err 0 (0.0e+00)
245.985 .... 928 packets received, 7757 bps, 96.96%, Err 0 (0.0e+00)
248.082 .... 936 packets received, 7757 bps, 96.96%, Err 0 (0.0e+00)
250.199 .... 944 packets received, 7757 bps, 96.96%, Err 0 (0.0e+00)
252.285 .... 952 packets received, 7758 bps, 96.97%, Err 0 (0.0e+00)
254.420 .... 960 packets received, 7757 bps, 96.96%, Err 0 (0.0e+00)
256.529 .... 968 packets received, 7757 bps, 96.96%, Err 0 (0.0e+00)
258.655 .... 976 packets received, 7757 bps, 96.96%, Err 0 (0.0e+00)
260.737 .... 984 packets received, 7758 bps, 96.97%, Err 0 (0.0e+00)
262.858 .... 992 packets received, 7757 bps, 96.97%, Err 0 (0.0e+00)
264.979 .... 1000 packets received, 7757 bps, 96.96%, Err 0 (0.0e+00)
267.111 .... 1008 packets received, 7756 bps, 96.96%, Err 0 (0.0e+00)
269.211 .... 1016 packets received, 7757 bps, 96.96%, Err 0 (0.0e+00)
271.328 .... 1024 packets received, 7757 bps, 96.96%, Err 0 (0.0e+00)
273.430 .... 1032 packets received, 7757 bps, 96.96%, Err 0 (0.0e+00)
275.557 .... 1040 packets received, 7757 bps, 96.96%, Err 0 (0.0e+00)
277.661 .... 1048 packets received, 7757 bps, 96.96%, Err 0 (0.0e+00)
279.771 .... 1056 packets received, 7757 bps, 96.96%, Err 0 (0.0e+00)
281.871 .... 1064 packets received, 7757 bps, 96.96%, Err 0 (0.0e+00)
283.992 .... 1072 packets received, 7757 bps, 96.96%, Err 0 (0.0e+00)
286.082 .... 1080 packets received, 7758 bps, 96.97%, Err 0 (0.0e+00)
288.216 .... 1088 packets received, 7757 bps, 96.96%, Err 0 (0.0e+00)
290.318 .... 1096 packets received, 7757 bps, 96.97%, Err 0 (0.0e+00)
292.456 .... 1104 packets received, 7757 bps, 96.96%, Err 0 (0.0e+00)
294.557 .... 1112 packets received, 7757 bps, 96.96%, Err 0 (0.0e+00)
296.660 .... 1120 packets received, 7757 bps, 96.96%, Err 0 (0.0e+00)
298.780 .... 1128 packets received, 7757 bps, 96.96%, Err 0 (0.0e+00)
300.885 .... 1136 packets received, 7757 bps, 96.96%, Err 0 (0.0e+00)
303.005 .... 1144 packets received, 7757 bps, 96.96%, Err 0 (0.0e+00)
305.109 .... 1152 packets received, 7757 bps, 96.96%, Err 0 (0.0e+00)
307.218 .... 1160 packets received, 7757 bps, 96.96%, Err 0 (0.0e+00)
309.344 .... 1168 packets received, 7757 bps, 96.96%, Err 0 (0.0e+00)
311.436 .... 1176 packets received, 7757 bps, 96.97%, Err 0 (0.0e+00)
313.565 .... 1184 packets received, 7757 bps, 96.96%, Err 0 (0.0e+00)
315.654 .... 1192 packets received, 7757 bps, 96.97%, Err 0 (0.0e+00)
317.783 .... 1200 packets received, 7757 bps, 96.96%, Err 0 (0.0e+00)
319.881 .... 1208 packets received, 7757 bps, 96.97%, Err 0 (0.0e+00)
322.014 .... 1216 packets received, 7757 bps, 96.96%, Err 0 (0.0e+00)
324.115 .... 1224 packets received, 7757 bps, 96.96%, Err 0 (0.0e+00)
326.246 .... 1232 packets received, 7757 bps, 96.96%, Err 0 (0.0e+00)
328.347 .... 1240 packets received, 7757 bps, 96.96%, Err 0 (0.0e+00)
330.447 .... 1248 packets received, 7757 bps, 96.97%, Err 0 (0.0e+00)
332.546 .... 1256 packets received, 7758 bps, 96.97%, Err 0 (0.0e+00)
334.679 .... 1264 packets received, 7757 bps, 96.96%, Err 0 (0.0e+00)
336.790 .... 1272 packets received, 7757 bps, 96.96%, Err 0 (0.0e+00)
338.894 .... 1280 packets received, 7757 bps, 96.97%, Err 0 (0.0e+00)
341.011 .... 1288 packets received, 7757 bps, 96.96%, Err 0 (0.0e+00)
343.130 .... 1296 packets received, 7757 bps, 96.96%, Err 0 (0.0e+00)
345.247 .... 1304 packets received, 7757 bps, 96.96%, Err 0 (0.0e+00)
347.347 .... 1312 packets received, 7757 bps, 96.96%, Err 0 (0.0e+00)
349.467 .... 1320 packets received, 7757 bps, 96.96%, Err 0 (0.0e+00)
351.568 .... 1328 packets received, 7757 bps, 96.97%, Err 0 (0.0e+00)
353.691 .... 1336 packets received, 7757 bps, 96.96%, Err 0 (0.0e+00)
355.793 .... 1344 packets received, 7757 bps, 96.97%, Err 0 (0.0e+00)
357.916 .... 1352 packets received, 7757 bps, 96.96%, Err 0 (0.0e+00)
360.024 .... 1360 packets received, 7757 bps, 96.96%, Err 0 (0.0e+00)
362.139 .... 1368 packets received, 7757 bps, 96.96%, Err 0 (0.0e+00)
364.245 .... 1376 packets received, 7757 bps, 96.96%, Err 0 (0.0e+00)
366.350 .... 1384 packets received, 7757 bps, 96.97%, Err 0 (0.0e+00)
368.477 .... 1392 packets received, 7757 bps, 96.96%, Err 0 (0.0e+00)
370.577 .... 1400 packets received, 7757 bps, 96.97%, Err 0 (0.0e+00)
372.702 .... 1408 packets received, 7757 bps, 96.96%, Err 0 (0.0e+00)
374.785 .... 1416 packets received, 7758 bps, 96.97%, Err 0 (0.0e+00)
376.919 .... 1424 packets received, 7757 bps, 96.96%, Err 0 (0.0e+00)
379.035 .... 1432 packets received, 7757 bps, 96.96%, Err 0 (0.0e+00)
381.159 .... 1440 packets received, 7757 bps, 96.96%, Err 0 (0.0e+00)
383.256 .... 1448 packets received, 7757 bps, 96.96%, Err 0 (0.0e+00)
385.376 .... 1456 packets received, 7757 bps, 96.96%, Err 0 (0.0e+00)
387.479 .... 1464 packets received, 7757 bps, 96.96%, Err 0 (0.0e+00)
389.600 .... 1472 packets received, 7757 bps, 96.96%, Err 0 (0.0e+00)
391.695 .... 1480 packets received, 7757 bps, 96.97%, Err 0 (0.0e+00)
393.810 .... 1488 packets received, 7757 bps, 96.97%, Err 0 (0.0e+00)
395.932 .... 1496 packets received, 7757 bps, 96.96%, Err 0 (0.0e+00)
398.044 .... 1504 packets received, 7757 bps, 96.96%, Err 0 (0.0e+00)
400.145 .... 1512 packets received, 7757 bps, 96.97%, Err 0 (0.0e+00)
402.276 .... 1520 packets received, 7757 bps, 96.96%, Err 0 (0.0e+00)
404.386 .... 1528 packets received, 7757 bps, 96.96%, Err 0 (0.0e+00)
406.485 .... 1536 packets received, 7757 bps, 96.96%, Err 0 (0.0e+00)
408.601 .... 1544 packets received, 7757 bps, 96.96%, Err 0 (0.0e+00)
410.727 .... 1552 packets received, 7757 bps, 96.96%, Err 0 (0.0e+00)
412.820 .... 1560 packets received, 7757 bps, 96.96%, Err 0 (0.0e+00)
414.939 .... 1568 packets received, 7757 bps, 96.96%, Err 0 (0.0e+00)
417.044 .... 1576 packets received, 7757 bps, 96.97%, Err 0 (0.0e+00)
419.171 .... 1584 packets received, 7757 bps, 96.96%, Err 0 (0.0e+00)
421.269 .... 1592 packets received, 7757 bps, 96.96%, Err 0 (0.0e+00)
423.380 .... 1600 packets received, 7757 bps, 96.97%, Err 0 (0.0e+00)
425.482 .... 1608 packets received, 7757 bps, 96.97%, Err 0 (0.0e+00)
427.614 .... 1616 packets received, 7757 bps, 96.96%, Err 0 (0.0e+00)
429.714 .... 1624 packets received, 7757 bps, 96.97%, Err 0 (0.0e+00)
431.839 .... 1632 packets received, 7757 bps, 96.96%, Err 0 (0.0e+00)
433.939 .... 1640 packets received, 7757 bps, 96.97%, Err 0 (0.0e+00)
436.056 .... 1648 packets received, 7757 bps, 96.96%, Err 0 (0.0e+00)
438.172 .... 1656 packets received, 7757 bps, 96.96%, Err 0 (0.0e+00)
440.297 .... 1664 packets received, 7757 bps, 96.96%, Err 0 (0.0e+00)
442.400 .... 1672 packets received, 7757 bps, 96.96%, Err 0 (0.0e+00)
444.500 .... 1680 packets received, 7757 bps, 96.97%, Err 0 (0.0e+00)
446.616 .... 1688 packets received, 7757 bps, 96.96%, Err 0 (0.0e+00)
448.738 .... 1696 packets received, 7757 bps, 96.96%, Err 0 (0.0e+00)
450.829 .... 1704 packets received, 7757 bps, 96.97%, Err 0 (0.0e+00)
452.959 .... 1712 packets received, 7757 bps, 96.96%, Err 0 (0.0e+00)
455.063 .... 1720 packets received, 7757 bps, 96.96%, Err 0 (0.0e+00)
457.175 .... 1728 packets received, 7757 bps, 96.96%, Err 0 (0.0e+00)
459.291 .... 1736 packets received, 7757 bps, 96.96%, Err 0 (0.0e+00)
461.394 .... 1744 packets received, 7757 bps, 96.97%, Err 0 (0.0e+00)
463.518 .... 1752 packets received, 7757 bps, 96.96%, Err 0 (0.0e+00)
465.627 .... 1760 packets received, 7757 bps, 96.96%, Err 0 (0.0e+00)
467.736 .... 1768 packets received, 7757 bps, 96.96%, Err 0 (0.0e+00)
469.856 .... 1776 packets received, 7757 bps, 96.96%, Err 0 (0.0e+00)
471.954 .... 1784 packets received, 7757 bps, 96.97%, Err 0 (0.0e+00)
474.057 .... 1792 packets received, 7757 bps, 96.97%, Err 0 (0.0e+00)
476.160 .... 1800 packets received, 7758 bps, 96.97%, Err 0 (0.0e+00)
478.298 .... 1808 packets received, 7757 bps, 96.96%, Err 0 (0.0e+00)
480.398 .... 1816 packets received, 7757 bps, 96.97%, Err 0 (0.0e+00)
482.516 .... 1824 packets received, 7757 bps, 96.97%, Err 0 (0.0e+00)
484.631 .... 1832 packets received, 7757 bps, 96.97%, Err 0 (0.0e+00)
486.749 .... 1840 packets received, 7757 bps, 96.96%, Err 0 (0.0e+00)
488.849 .... 1848 packets received, 7757 bps, 96.97%, Err 0 (0.0e+00)
490.948 .... 1856 packets received, 7758 bps, 96.97%, Err 0 (0.0e+00)
493.086 .... 1864 packets received, 7757 bps, 96.96%, Err 0 (0.0e+00)
495.192 .... 1872 packets received, 7757 bps, 96.96%, Err 0 (0.0e+00)
497.313 .... 1880 packets received, 7757 bps, 96.96%, Err 0 (0.0e+00)
499.421 .... 1888 packets received, 7757 bps, 96.96%, Err 0 (0.0e+00)
501.520 .... 1896 packets received, 7757 bps, 96.97%, Err 0 (0.0e+00)
503.642 .... 1904 packets received, 7757 bps, 96.96%, Err 0 (0.0e+00)
505.746 .... 1912 packets received, 7757 bps, 96.97%, Err 0 (0.0e+00)
507.855 .... 1920 packets received, 7757 bps, 96.97%, Err 0 (0.0e+00)
509.960 .... 1928 packets received, 7757 bps, 96.97%, Err 0 (0.0e+00)
512.093 .... 1936 packets received, 7757 bps, 96.96%, Err 0 (0.0e+00)
514.177 .... 1944 packets received, 7758 bps, 96.97%, Err 0 (0.0e+00)
516.313 .... 1952 packets received, 7757 bps, 96.96%, Err 0 (0.0e+00)
518.426 .... 1960 packets received, 7757 bps, 96.96%, Err 0 (0.0e+00)
520.548 .... 1968 packets received, 7757 bps, 96.96%, Err 0 (0.0e+00)
522.651 .... 1976 packets received, 7757 bps, 96.96%, Err 0 (0.0e+00)
524.755 .... 1984 packets received, 7757 bps, 96.97%, Err 0 (0.0e+00)
526.863 .... 1992 packets received, 7757 bps, 96.97%, Err 0 (0.0e+00)
528.979 .... 2000 packets received, 7757 bps, 96.97%, Err 0 (0.0e+00)
531.086 .... 2008 packets received, 7757 bps, 96.97%, Err 0 (0.0e+00)
533.193 .... 2016 packets received, 7757 bps, 96.97%, Err 0 (0.0e+00)
535.312 .... 2024 packets received, 7757 bps, 96.97%, Err 0 (0.0e+00)
537.436 .... 2032 packets received, 7757 bps, 96.96%, Err 0 (0.0e+00)
539.542 .... 2040 packets received, 7757 bps, 96.97%, Err 0 (0.0e+00)
541.641 .... 2048 packets received, 7757 bps, 96.97%, Err 0 (0.0e+00)
543.784 .... 2056 packets received, 7757 bps, 96.96%, Err 0 (0.0e+00)
545.871 .... 2064 packets received, 7757 bps, 96.97%, Err 0 (0.0e+00)
547.984 .... 2072 packets received, 7757 bps, 96.97%, Err 0 (0.0e+00)
550.109 .... 2080 packets received, 7757 bps, 96.96%, Err 0 (0.0e+00)
552.218 .... 2088 packets received, 7757 bps, 96.97%, Err 0 (0.0e+00)
554.318 .... 2096 packets received, 7757 bps, 96.97%, Err 0 (0.0e+00)
556.437 .... 2104 packets received, 7757 bps, 96.97%, Err 0 (0.0e+00)
558.551 .... 2112 packets received, 7757 bps, 96.97%, Err 0 (0.0e+00)
560.642 .... 2120 packets received, 7758 bps, 96.97%, Err 0 (0.0e+00)
562.779 .... 2128 packets received, 7757 bps, 96.97%, Err 0 (0.0e+00)
564.895 .... 2136 packets received, 7757 bps, 96.96%, Err 0 (0.0e+00)
566.995 .... 2144 packets received, 7757 bps, 96.97%, Err 0 (0.0e+00)
569.110 .... 2152 packets received, 7757 bps, 96.97%, Err 0 (0.0e+00)
571.212 .... 2160 packets received, 7757 bps, 96.97%, Err 0 (0.0e+00)
573.343 .... 2168 packets received, 7757 bps, 96.96%, Err 0 (0.0e+00)
575.444 .... 2176 packets received, 7757 bps, 96.97%, Err 0 (0.0e+00)
577.558 .... 2184 packets received, 7757 bps, 96.97%, Err 0 (0.0e+00)
579.657 .... 2192 packets received, 7757 bps, 96.97%, Err 0 (0.0e+00)
581.792 .... 2200 packets received, 7757 bps, 96.96%, Err 0 (0.0e+00)
583.901 .... 2208 packets received, 7757 bps, 96.96%, Err 0 (0.0e+00)
586.001 .... 2216 packets received, 7757 bps, 96.97%, Err 0 (0.0e+00)
588.098 .... 2224 packets received, 7758 bps, 96.97%, Err 0 (0.0e+00)
590.215 .... 2232 packets received, 7757 bps, 96.97%, Err 0 (0.0e+00)
592.358 .... 2240 packets received, 7757 bps, 96.96%, Err 0 (0.0e+00)
594.452 .... 2248 packets received, 7757 bps, 96.97%, Err 0 (0.0e+00)
596.557 .... 2256 packets received, 7757 bps, 96.97%, Err 0 (0.0e+00)
598.679 .... 2264 packets received, 7757 bps, 96.97%, Err 0 (0.0e+00)
600.791 .... 2272 packets received, 7757 bps, 96.97%, Err 0 (0.0e+00)
602.898 .... 2280 packets received, 7757 bps, 96.97%, Err 0 (0.0e+00)
605.012 .... 2288 packets received, 7757 bps, 96.97%, Err 0 (0.0e+00)
607.131 .... 2296 packets received, 7757 bps, 96.97%, Err 0 (0.0e+00)
609.247 .... 2304 packets received, 7757 bps, 96.96%, Err 0 (0.0e+00)
611.347 .... 2312 packets received, 7757 bps, 96.97%, Err 0 (0.0e+00)
613.470 .... 2320 packets received, 7757 bps, 96.96%, Err 0 (0.0e+00)
615.580 .... 2328 packets received, 7757 bps, 96.97%, Err 0 (0.0e+00)
617.682 .... 2336 packets received, 7757 bps, 96.97%, Err 0 (0.0e+00)
619.812 .... 2344 packets received, 7757 bps, 96.96%, Err 0 (0.0e+00)
621.896 .... 2352 packets received, 7757 bps, 96.97%, Err 0 (0.0e+00)
624.022 .... 2360 packets received, 7757 bps, 96.97%, Err 0 (0.0e+00)
626.137 .... 2368 packets received, 7757 bps, 96.97%, Err 0 (0.0e+00)
628.254 .... 2376 packets received, 7757 bps, 96.97%, Err 0 (0.0e+00)
630.353 .... 2384 packets received, 7757 bps, 96.97%, Err 0 (0.0e+00)
632.448 .... 2392 packets received, 7758 bps, 96.97%, Err 0 (0.0e+00)
634.584 .... 2400 packets received, 7757 bps, 96.97%, Err 0 (0.0e+00)
636.684 .... 2408 packets received, 7757 bps, 96.97%, Err 0 (0.0e+00)
638.814 .... 2416 packets received, 7757 bps, 96.97%, Err 0 (0.0e+00)
640.913 .... 2424 packets received, 7757 bps, 96.97%, Err 0 (0.0e+00)
643.026 .... 2432 packets received, 7757 bps, 96.97%, Err 0 (0.0e+00)
645.161 .... 2440 packets received, 7757 bps, 96.96%, Err 0 (0.0e+00)
647.261 .... 2448 packets received, 7757 bps, 96.97%, Err 0 (0.0e+00)
649.349 .... 2456 packets received, 7758 bps, 96.97%, Err 0 (0.0e+00)
651.478 .... 2464 packets received, 7757 bps, 96.97%, Err 0 (0.0e+00)
653.573 .... 2472 packets received, 7758 bps, 96.97%, Err 0 (0.0e+00)
655.693 .... 2480 packets received, 7757 bps, 96.97%, Err 0 (0.0e+00)
657.825 .... 2488 packets received, 7757 bps, 96.96%, Err 0 (0.0e+00)
659.925 .... 2496 packets received, 7757 bps, 96.97%, Err 0 (0.0e+00)
662.041 .... 2504 packets received, 7757 bps, 96.97%, Err 0 (0.0e+00)
664.155 .... 2512 packets received, 7757 bps, 96.97%, Err 0 (0.0e+00)
666.243 .... 2520 packets received, 7758 bps, 96.97%, Err 0 (0.0e+00)
668.360 .... 2528 packets received, 7757 bps, 96.97%, Err 0 (0.0e+00)
670.492 .... 2536 packets received, 7757 bps, 96.97%, Err 0 (0.0e+00)
672.599 .... 2544 packets received, 7757 bps, 96.97%, Err 0 (0.0e+00)
674.723 .... 2552 packets received, 7757 bps, 96.96%, Err 0 (0.0e+00)
676.813 .... 2560 packets received, 7757 bps, 96.97%, Err 0 (0.0e+00)
678.935 .... 2568 packets received, 7757 bps, 96.97%, Err 0 (0.0e+00)
681.047 .... 2576 packets received, 7757 bps, 96.97%, Err 0 (0.0e+00)
683.153 .... 2584 packets received, 7757 bps, 96.97%, Err 0 (0.0e+00)
685.272 .... 2592 packets received, 7757 bps, 96.97%, Err 0 (0.0e+00)
687.387 .... 2600 packets received, 7757 bps, 96.97%, Err 0 (0.0e+00)
689.487 .... 2608 packets received, 7757 bps, 96.97%, Err 0 (0.0e+00)
691.594 .... 2616 packets received, 7757 bps, 96.97%, Err 0 (0.0e+00)
693.727 .... 2624 packets received, 7757 bps, 96.97%, Err 0 (0.0e+00)
695.824 .... 2632 packets received, 7757 bps, 96.97%, Err 0 (0.0e+00)
697.941 .... 2640 packets received, 7757 bps, 96.97%, Err 0 (0.0e+00)
700.056 .... 2648 packets received, 7757 bps, 96.97%, Err 0 (0.0e+00)
702.156 .... 2656 packets received, 7757 bps, 96.97%, Err 0 (0.0e+00)
704.274 .... 2664 packets received, 7757 bps, 96.97%, Err 0 (0.0e+00)
706.374 .... 2672 packets received, 7758 bps, 96.97%, Err 0 (0.0e+00)
708.512 .... 2680 packets received, 7757 bps, 96.97%, Err 0 (0.0e+00)
710.618 .... 2688 packets received, 7757 bps, 96.97%, Err 0 (0.0e+00)
712.722 .... 2696 packets received, 7757 bps, 96.97%, Err 0 (0.0e+00)
714.822 .... 2704 packets received, 7758 bps, 96.97%, Err 0 (0.0e+00)
716.954 .... 2712 packets received, 7757 bps, 96.97%, Err 0 (0.0e+00)
719.071 .... 2720 packets received, 7757 bps, 96.97%, Err 0 (0.0e+00)
721.171 .... 2728 packets received, 7757 bps, 96.97%, Err 0 (0.0e+00)
723.281 .... 2736 packets received, 7757 bps, 96.97%, Err 0 (0.0e+00)
725.379 .... 2744 packets received, 7758 bps, 96.97%, Err 0 (0.0e+00)
727.514 .... 2752 packets received, 7757 bps, 96.97%, Err 0 (0.0e+00)
729.619 .... 2760 packets received, 7757 bps, 96.97%, Err 0 (0.0e+00)
731.726 .... 2768 packets received, 7757 bps, 96.97%, Err 0 (0.0e+00)
733.831 .... 2776 packets received, 7758 bps, 96.97%, Err 0 (0.0e+00)
735.963 .... 2784 packets received, 7757 bps, 96.97%, Err 0 (0.0e+00)
738.083 .... 2792 packets received, 7757 bps, 96.97%, Err 0 (0.0e+00)
740.179 .... 2800 packets received, 7757 bps, 96.97%, Err 0 (0.0e+00)
742.311 .... 2808 packets received, 7757 bps, 96.96%, Err 0 (0.0e+00)
744.414 .... 2816 packets received, 7757 bps, 96.97%, Err 0 (0.0e+00)
746.511 .... 2824 packets received, 7757 bps, 96.97%, Err 0 (0.0e+00)
748.634 .... 2832 packets received, 7757 bps, 96.97%, Err 0 (0.0e+00)
750.736 .... 2840 packets received, 7757 bps, 96.97%, Err 0 (0.0e+00)
752.861 .... 2848 packets received, 7757 bps, 96.97%, Err 0 (0.0e+00)
754.960 .... 2856 packets received, 7757 bps, 96.97%, Err 0 (0.0e+00)
757.080 .... 2864 packets received, 7757 bps, 96.97%, Err 0 (0.0e+00)
759.193 .... 2872 packets received, 7757 bps, 96.97%, Err 0 (0.0e+00)
761.310 .... 2880 packets received, 7757 bps, 96.97%, Err 0 (0.0e+00)
763.427 .... 2888 packets received, 7757 bps, 96.97%, Err 0 (0.0e+00)
765.526 .... 2896 packets received, 7757 bps, 96.97%, Err 0 (0.0e+00)
767.640 .... 2904 packets received, 7757 bps, 96.97%, Err 0 (0.0e+00)
769.738 .... 2912 packets received, 7757 bps, 96.97%, Err 0 (0.0e+00)
771.873 .... 2920 packets received, 7757 bps, 96.97%, Err 0 (0.0e+00)
773.969 .... 2928 packets received, 7757 bps, 96.97%, Err 0 (0.0e+00)
776.093 .... 2936 packets received, 7757 bps, 96.97%, Err 0 (0.0e+00)
778.200 .... 2944 packets received, 7757 bps, 96.97%, Err 0 (0.0e+00)
780.309 .... 2952 packets received, 7757 bps, 96.97%, Err 0 (0.0e+00)
782.419 .... 2960 packets received, 7757 bps, 96.97%, Err 0 (0.0e+00)
784.549 .... 2968 packets received, 7757 bps, 96.97%, Err 0 (0.0e+00)
786.653 .... 2976 packets received, 7757 bps, 96.97%, Err 0 (0.0e+00)
788.750 .... 2984 packets received, 7757 bps, 96.97%, Err 0 (0.0e+00)
790.868 .... 2992 packets received, 7757 bps, 96.97%, Err 0 (0.0e+00)
792.986 .... 3000 packets received, 7757 bps, 96.97%, Err 0 (0.0e+00)
795.084 .... 3008 packets received, 7757 bps, 96.97%, Err 0 (0.0e+00)
797.201 .... 3016 packets received, 7757 bps, 96.97%, Err 0 (0.0e+00)
799.303 .... 3024 packets received, 7758 bps, 96.97%, Err 0 (0.0e+00)
801.430 .... 3032 packets received, 7757 bps, 96.97%, Err 0 (0.0e+00)
803.527 .... 3040 packets received, 7758 bps, 96.97%, Err 0 (0.0e+00)
805.664 .... 3048 packets received, 7757 bps, 96.97%, Err 0 (0.0e+00)
807.764 .... 3056 packets received, 7757 bps, 96.97%, Err 0 (0.0e+00)
809.907 .... 3064 packets received, 7757 bps, 96.96%, Err 0 (0.0e+00)
811.981 .... 3072 packets received, 7757 bps, 96.97%, Err 0 (0.0e+00)
814.108 .... 3080 packets received, 7757 bps, 96.97%, Err 0 (0.0e+00)
816.211 .... 3088 packets received, 7757 bps, 96.97%, Err 0 (0.0e+00)
818.325 .... 3096 packets received, 7757 bps, 96.97%, Err 0 (0.0e+00)
820.443 .... 3104 packets received, 7757 bps, 96.97%, Err 0 (0.0e+00)
822.541 .... 3112 packets received, 7757 bps, 96.97%, Err 0 (0.0e+00)
824.653 .... 3120 packets received, 7757 bps, 96.97%, Err 0 (0.0e+00)
826.770 .... 3128 packets received, 7757 bps, 96.97%, Err 0 (0.0e+00)
828.888 .... 3136 packets received, 7757 bps, 96.97%, Err 0 (0.0e+00)
831.002 .... 3144 packets received, 7757 bps, 96.97%, Err 0 (0.0e+00)
833.098 .... 3152 packets received, 7757 bps, 96.97%, Err 0 (0.0e+00)
835.231 .... 3160 packets received, 7757 bps, 96.97%, Err 0 (0.0e+00)
837.328 .... 3168 packets received, 7757 bps, 96.97%, Err 0 (0.0e+00)
839.455 .... 3176 packets received, 7757 bps, 96.97%, Err 0 (0.0e+00)
841.561 .... 3184 packets received, 7757 bps, 96.97%, Err 0 (0.0e+00)
843.664 .... 3192 packets received, 7757 bps, 96.97%, Err 0 (0.0e+00)
845.781 .... 3200 packets received, 7757 bps, 96.97%, Err 0 (0.0e+00)
847.908 .... 3208 packets received, 7757 bps, 96.97